{
  "RSpec": {
    "coverage": {
      "/Users/toluoyeniyi/Desktop/projects/DateSpec/spec/controllers/admirers_controller_spec.rb": [
        1,
        null,
        1,
        4,
        null,
        null,
        null,
        4,
        null,
        null,
        null,
        4,
        null,
        null,
        1,
        null,
        1,
        3,
        null,
        null,
        2,
        2,
        null,
        1,
        1,
        1,
        1,
        1,
        1,
        1,
        null,
        null,
        null,
        1,
        1,
        1,
        1,
        1,
        1,
        1,
        null,
        null,
        null,
        1,
        1,
        1,
        1,
        1,
        1,
        1,
        null,
        null,
        null,
        1,
        1,
        1,
        null,
        null,
        0,
        null,
        null,
        null,
        null,
        1,
        null,
        0,
        0,
        0,
        0,
        null,
        null,
        null,
        1,
        1,
        0,
        null,
        1,
        0,
        0,
        0,
        null,
        null,
        null,
        null,
        1,
        1,
        0,
        0,
        0,
        null,
        null,
        null,
        null
      ],
      "/Users/toluoyeniyi/Desktop/projects/DateSpec/spec/rails_helper.rb": [
        null,
        1,
        1,
        null,
        1,
        1,
        1,
        null,
        null,
        null,
        null,
        null,
        null,
        null,
        null,
        null,
        null,
        null,
        null,
        null,
        null,
        null,
        null,
        null,
        null,
        null,
        null,
        1,
        null,
        1,
        null,
        1,
        null,
        null,
        null,
        null,
        null,
        null,
        null,
        null,
        null,
        null,
        null,
        null,
        null,
        null,
        null,
        null,
        null,
        null,
        null,
        1,
        null,
        null,
        1,
        null,
        null,
        null,
        1,
        null,
        1,
        1,
        null,
        null,
        1,
        28,
        null,
        null,
        1,
        28,
        null,
        null
      ],
      "/Users/toluoyeniyi/Desktop/projects/DateSpec/config/environment.rb": [
        null,
        1,
        null,
        null,
        1
      ],
      "/Users/toluoyeniyi/Desktop/projects/DateSpec/config/application.rb": [
        1,
        null,
        1,
        1,
        1,
        null,
        null,
        null,
        1,
        null,
        1,
        1,
        null,
        null,
        null,
        null,
        null
      ],
      "/Users/toluoyeniyi/Desktop/projects/DateSpec/config/boot.rb": [
        1,
        null,
        1
      ],
      "/Users/toluoyeniyi/Desktop/projects/DateSpec/config/environments/test.rb": [
        1,
        null,
        null,
        null,
        null,
        null,
        null,
        1,
        1,
        null,
        null,
        null,
        null,
        1,
        null,
        null,
        1,
        1,
        null,
        null,
        null,
        null,
        1,
        1,
        null,
        null,
        1,
        null,
        null,
        1,
        1,
        null,
        null,
        null,
        null,
        1,
        null,
        null,
        1,
        null,
        null,
        null,
        1,
        1,
        null,
        null,
        null,
        null,
        null,
        null,
        null,
        null,
        null
      ],
      "/Users/toluoyeniyi/Desktop/projects/DateSpec/config/initializers/application_controller_renderer.rb": [
        null,
        null,
        null,
        null,
        null,
        null
      ],
      "/Users/toluoyeniyi/Desktop/projects/DateSpec/config/initializers/assets.rb": [
        null,
        null,
        null,
        1,
        null,
        null,
        null,
        null,
        null,
        null,
        null
      ],
      "/Users/toluoyeniyi/Desktop/projects/DateSpec/config/initializers/backtrace_silencers.rb": [
        null,
        null,
        null,
        null,
        null,
        null,
        null
      ],
      "/Users/toluoyeniyi/Desktop/projects/DateSpec/config/initializers/cookies_serializer.rb": [
        null,
        null,
        null,
        null,
        1
      ],
      "/Users/toluoyeniyi/Desktop/projects/DateSpec/config/initializers/filter_parameter_logging.rb": [
        null,
        null,
        null,
        1
      ],
      "/Users/toluoyeniyi/Desktop/projects/DateSpec/config/initializers/inflections.rb": [
        null,
        null,
        null,
        null,
        null,
        null,
        null,
        null,
        null,
        null,
        null,
        null,
        null,
        null,
        null,
        null
      ],
      "/Users/toluoyeniyi/Desktop/projects/DateSpec/config/initializers/mime_types.rb": [
        null,
        null,
        null,
        null
      ],
      "/Users/toluoyeniyi/Desktop/projects/DateSpec/config/initializers/new_framework_defaults.rb": [
        null,
        null,
        null,
        null,
        null,
        null,
        null,
        1,
        null,
        null,
        1,
        null,
        null,
        null,
        1,
        null,
        null,
        1,
        null,
        null,
        1,
        null,
        null,
        1
      ],
      "/Users/toluoyeniyi/Desktop/projects/DateSpec/config/initializers/session_store.rb": [
        null,
        null,
        1
      ],
      "/Users/toluoyeniyi/Desktop/projects/DateSpec/config/initializers/wrap_parameters.rb": [
        null,
        null,
        null,
        null,
        null,
        null,
        1,
        2,
        null,
        null,
        null,
        null,
        null,
        null
      ],
      "/Users/toluoyeniyi/Desktop/projects/DateSpec/app/helpers/application_helper.rb": [
        1,
        null
      ],
      "/Users/toluoyeniyi/Desktop/projects/DateSpec/app/helpers/conversations_helper.rb": [
        1,
        null
      ],
      "/Users/toluoyeniyi/Desktop/projects/DateSpec/app/helpers/messages_helper.rb": [
        1,
        null
      ],
      "/Users/toluoyeniyi/Desktop/projects/DateSpec/app/helpers/sessions_helper.rb": [
        1,
        null
      ],
      "/Users/toluoyeniyi/Desktop/projects/DateSpec/app/helpers/users_helper.rb": [
        1,
        null
      ],
      "/Users/toluoyeniyi/Desktop/projects/DateSpec/config/routes.rb": [
        1,
        null,
        1,
        1,
        null,
        null,
        1,
        1,
        null,
        null,
        1,
        null,
        1,
        1,
        1,
        null,
        1,
        null,
        null
      ],
      "/Users/toluoyeniyi/Desktop/projects/DateSpec/app/controllers/admirers_controller.rb": [
        1,
        1,
        null,
        1,
        1,
        1,
        null,
        0,
        0,
        null,
        null,
        null,
        1,
        1,
        null,
        null,
        1,
        0,
        0,
        0,
        0,
        null,
        0,
        0,
        null,
        null,
        null,
        1,
        1,
        1,
        1,
        null,
        null,
        1,
        0,
        0,
        0,
        0,
        0,
        null,
        0,
        0,
        null,
        null,
        null,
        1,
        null,
        1,
        0,
        null,
        null,
        null
      ],
      "/Users/toluoyeniyi/Desktop/projects/DateSpec/app/controllers/application_controller.rb": [
        1,
        1,
        1,
        null,
        1,
        null,
        1,
        null,
        1,
        0,
        0,
        0,
        0,
        0,
        null,
        null,
        null,
        0,
        null,
        null,
        1,
        1,
        1,
        1,
        1,
        1,
        1,
        null,
        null,
        1,
        null,
        null,
        1,
        2,
        2,
        2,
        2,
        null,
        null,
        2,
        null,
        null,
        1,
        22,
        null,
        null,
        1,
        15,
        1,
        null,
        null,
        null,
        null
      ],
      "/Users/toluoyeniyi/Desktop/projects/DateSpec/spec/controllers/conversations_controller_spec.rb": [
        1,
        null,
        1,
        4,
        null,
        null,
        4,
        null,
        null,
        4,
        null,
        null,
        1,
        3,
        null,
        4,
        3,
        null,
        1,
        1,
        1,
        1,
        1,
        1,
        1,
        1,
        null,
        null,
        null,
        1,
        1,
        1,
        1,
        null,
        1,
        2,
        1,
        1,
        1,
        null,
        null,
        null,
        1,
        1,
        1,
        null,
        1,
        2,
        1,
        1,
        null,
        null,
        null,
        null,
        null
      ],
      "/Users/toluoyeniyi/Desktop/projects/DateSpec/app/controllers/conversations_controller.rb": [
        1,
        1,
        null,
        1,
        1,
        1,
        null,
        null,
        1,
        2,
        1,
        null,
        1,
        null,
        2,
        null,
        null,
        1,
        null,
        1,
        1,
        null,
        null
      ],
      "/Users/toluoyeniyi/Desktop/projects/DateSpec/spec/controllers/messages_controller_spec.rb": [
        1,
        null,
        1,
        4,
        null,
        null,
        4,
        null,
        null,
        null,
        4,
        4,
        4,
        4,
        null,
        1,
        1,
        1,
        null,
        1,
        1,
        null,
        1,
        1,
        1,
        1,
        1,
        1,
        null,
        null,
        null,
        1,
        1,
        1,
        1,
        1,
        1,
        null,
        null,
        null,
        1,
        1,
        1,
        2,
        1,
        1,
        1,
        null,
        null,
        null,
        null
      ],
      "/Users/toluoyeniyi/Desktop/projects/DateSpec/app/controllers/messages_controller.rb": [
        1,
        1,
        3,
        null,
        null,
        1,
        1,
        1,
        0,
        0,
        null,
        1,
        0,
        0,
        null,
        1,
        1,
        0,
        null,
        null,
        null,
        1,
        null,
        null,
        1,
        1,
        null,
        null,
        1,
        1,
        1,
        1,
        null,
        null,
        null,
        1,
        1,
        1,
        null,
        null
      ],
      "/Users/toluoyeniyi/Desktop/projects/DateSpec/spec/controllers/sessions_controller_spec.rb": [
        1,
        null,
        1,
        4,
        null,
        null,
        null,
        1,
        1,
        1,
        null,
        null,
        1,
        1,
        1,
        1,
        1,
        1,
        null,
        null,
        null,
        1,
        1,
        1,
        null,
        1,
        1,
        1,
        1,
        null,
        null,
        null,
        null,
        1,
        1,
        1,
        1,
        1,
        null,
        null
      ],
      "/Users/toluoyeniyi/Desktop/projects/DateSpec/app/controllers/sessions_controller.rb": [
        1,
        1,
        0,
        0,
        null,
        null,
        null,
        1,
        2,
        2,
        1,
        1,
        null,
        1,
        null,
        null,
        null,
        1,
        1,
        1,
        null,
        null
      ],
      "/Users/toluoyeniyi/Desktop/projects/DateSpec/spec/controllers/users_controller_spec.rb": [
        1,
        null,
        1,
        10,
        10,
        null,
        null,
        2,
        null,
        null,
        null,
        1,
        9,
        null,
        null,
        null,
        1,
        1,
        1,
        1,
        null,
        null,
        null,
        1,
        1,
        1,
        1,
        1,
        1,
        null,
        null,
        null,
        1,
        1,
        1,
        1,
        1,
        1,
        1,
        null,
        null,
        null,
        1,
        1,
        1,
        1,
        1,
        1,
        1,
        null,
        null,
        null,
        1,
        1,
        1,
        1,
        1,
        1,
        1,
        null,
        null,
        null,
        1,
        1,
        1,
        null,
        null,
        1,
        null,
        null,
        1,
        2,
        1,
        1,
        1,
        1,
        null,
        null,
        null,
        1,
        1,
        1,
        null,
        1,
        1,
        1,
        1,
        null,
        null,
        null,
        null,
        1,
        1,
        1,
        1,
        1,
        1,
        null,
        1,
        1,
        null,
        1,
        1,
        1,
        1,
        null,
        null,
        null,
        1,
        1,
        1,
        1,
        1,
        null,
        1,
        1,
        null,
        1,
        1,
        1,
        1,
        null,
        null,
        null,
        null,
        1,
        1,
        1,
        1,
        1,
        1,
        null,
        null,
        null,
        null
      ],
      "/Users/toluoyeniyi/Desktop/projects/DateSpec/app/controllers/users_controller.rb": [
        1,
        1,
        null,
        1,
        1,
        null,
        null,
        1,
        1,
        null,
        null,
        1,
        2,
        2,
        1,
        1,
        null,
        1,
        1,
        null,
        null,
        null,
        1,
        1,
        null,
        null,
        1,
        1,
        null,
        null,
        1,
        1,
        1,
        1,
        null,
        null,
        1,
        1,
        1,
        1,
        1,
        null,
        null,
        1,
        null,
        1,
        3,
        null,
        null,
        null,
        null
      ],
      "/Users/toluoyeniyi/Desktop/projects/DateSpec/spec/models/admirer_spec.rb": [
        1,
        null,
        1,
        3,
        null,
        null,
        3,
        null,
        null,
        2,
        null,
        null,
        2,
        null,
        1,
        1,
        1,
        1,
        1,
        null,
        null,
        null,
        null,
        1,
        1,
        1,
        1,
        null,
        null,
        null
      ],
      "/Users/toluoyeniyi/Desktop/projects/DateSpec/app/models/admirer.rb": [
        1,
        null,
        1,
        null,
        1,
        null,
        null,
        1,
        null,
        1,
        0,
        0,
        0,
        0,
        0,
        0,
        0,
        0,
        null,
        null
      ],
      "/Users/toluoyeniyi/Desktop/projects/DateSpec/app/models/application_record.rb": [
        1,
        1,
        null
      ],
      "/Users/toluoyeniyi/Desktop/projects/DateSpec/spec/models/conversation_spec.rb": [
        1,
        null,
        1,
        2,
        null,
        null,
        2,
        null,
        null,
        2,
        2,
        null,
        1,
        1,
        1,
        1,
        null,
        null
      ],
      "/Users/toluoyeniyi/Desktop/projects/DateSpec/app/models/conversation.rb": [
        1,
        1,
        1,
        null,
        1,
        null,
        1,
        null,
        1,
        3,
        null,
        null
      ],
      "/Users/toluoyeniyi/Desktop/projects/DateSpec/spec/models/message_spec.rb": [
        1,
        null,
        1,
        3,
        null,
        null,
        3,
        null,
        null,
        3,
        2,
        null,
        2,
        null,
        1,
        1,
        1,
        1,
        1,
        1,
        1,
        null,
        null,
        null,
        1,
        1,
        1,
        1,
        1,
        null,
        null,
        null,
        null
      ],
      "/Users/toluoyeniyi/Desktop/projects/DateSpec/spec/models/user_spec.rb": [
        1,
        null,
        1,
        2,
        null,
        null,
        2,
        null,
        3,
        1,
        null,
        1,
        1,
        1,
        1,
        1,
        1,
        1,
        1,
        1,
        1,
        1,
        1,
        1,
        null,
        null,
        null,
        1,
        1,
        1,
        1,
        1,
        1,
        1,
        1,
        1,
        null,
        null,
        null,
        null
      ],
      "/Users/toluoyeniyi/Desktop/projects/DateSpec/app/models/user.rb": [
        1,
        1,
        1,
        1,
        null,
        1,
        1,
        null,
        1,
        null
      ],
      "/Users/toluoyeniyi/Desktop/projects/DateSpec/app/models/message.rb": [
        1,
        1,
        1,
        1,
        null,
        1,
        0,
        null,
        null
      ]
    },
    "timestamp": 1477868946
  }
}
